#
# There is insufficient memory for the Java Runtime Environment to continue.
# Native memory allocation (malloc) failed to allocate 191216 bytes for Chunk::new
# Possible reasons:
#   The system is out of physical RAM or swap space
#   The process is running with CompressedOops enabled, and the Java Heap may be blocking the growth of the native heap
# Possible solutions:
#   Reduce memory load on the system
#   Increase physical memory or swap space
#   Check if swap backing store is full
#   Decrease Java heap size (-Xmx/-Xms)
#   Decrease number of Java threads
#   Decrease Java thread stack sizes (-Xss)
#   Set larger code cache with -XX:ReservedCodeCacheSize=
#   JVM is running with Zero Based Compressed Oops mode in which the Java heap is
#     placed in the first 32GB address space. The Java Heap base address is the
#     maximum limit for the native heap growth. Please use -XX:HeapBaseMinAddress
#     to set the Java Heap base and to place the Java Heap above 32GB virtual address.
# This output file may be truncated or incomplete.
#
#  Out of Memory Error (arena.cpp:168), pid=101188, tid=114116
#
# JRE version: Java(TM) SE Runtime Environment (21.0.2+13) (build 21.0.2+13-LTS-58)
# Java VM: Java HotSpot(TM) 64-Bit Server VM (21.0.2+13-LTS-58, mixed mode, sharing, tiered, compressed oops, compressed class ptrs, g1 gc, windows-amd64)
# No core dump will be written. Minidumps are not enabled by default on client versions of Windows
#

---------------  S U M M A R Y ------------

Command Line: -ea -Didea.test.cyclic.buffer.size=1048576 -javaagent:D:\New folder\IntelliJ IDEA 2024.3.1.1\lib\idea_rt.jar=58167:D:\New folder\IntelliJ IDEA 2024.3.1.1\bin -javaagent:C:\Users\topla\AppData\Local\JetBrains\IntelliJIdea2024.3\captureAgent\debugger-agent.jar -Dkotlinx.coroutines.debug.enable.creation.stack.trace=false -Ddebugger.agent.enable.coroutines=true -Dkotlinx.coroutines.debug.enable.flows.stack.trace=true -Dkotlinx.coroutines.debug.enable.mutable.state.flows.stack.trace=true -Dfile.encoding=UTF-8 -Dsun.stdout.encoding=UTF-8 -Dsun.stderr.encoding=UTF-8 com.intellij.rt.testng.RemoteTestNGStarter -usedefaultlisteners false -socket58166 @w@C:\Users\topla\AppData\Local\Temp\idea_working_dirs_testng.tmp -temp C:\Users\topla\AppData\Local\Temp\idea_testng.tmp

Host: Intel(R) Core(TM) i5-9300H CPU @ 2.40GHz, 8 cores, 15G,  Windows 11 , 64 bit Build 22621 (10.0.22621.5415)
Time: Wed Aug 20 19:49:48 2025 Georgian Standard Time elapsed time: 11.476868 seconds (0d 0h 0m 11s)

---------------  T H R E A D  ---------------

Current thread (0x000002a8dac87780):  JavaThread "C2 CompilerThread0" daemon [_thread_in_native, id=114116, stack(0x000000d7a9700000,0x000000d7a9800000) (1024K)]


Current CompileTask:
C2:  11477 3520       4       java.lang.StringConcatHelper::simpleConcat (94 bytes)

Stack: [0x000000d7a9700000,0x000000d7a9800000]
Native frames: (J=compiled Java code, j=interpreted, Vv=VM code, C=native code)
V  [jvm.dll+0x6cade9]
V  [jvm.dll+0x8569c1]
V  [jvm.dll+0x858d2e]
V  [jvm.dll+0x859413]
V  [jvm.dll+0x280e56]
V  [jvm.dll+0xc3f3d]
V  [jvm.dll+0xc4473]
V  [jvm.dll+0x3b5bf2]
V  [jvm.dll+0x382855]
V  [jvm.dll+0x381cca]
V  [jvm.dll+0x249bd0]
V  [jvm.dll+0x2491b1]
V  [jvm.dll+0x1c9634]
V  [jvm.dll+0x258859]
V  [jvm.dll+0x256e3a]
V  [jvm.dll+0x3ef6c6]
V  [jvm.dll+0x7ff568]
V  [jvm.dll+0x6c953d]
C  [ucrtbase.dll+0x29333]
C  [KERNEL32.DLL+0x1259d]
C  [ntdll.dll+0x5af78]


---------------  P R O C E S S  ---------------

Threads class SMR info:
_java_thread_list=0x000002a9230d3240, length=44, elements={
0x000002a8bbb635e0, 0x000002a8dac78b30, 0x000002a8dac79b80, 0x000002a8dac7e050,
0x000002a8dac7ecb0, 0x000002a8dac81950, 0x000002a8dac824e0, 0x000002a8dac87780,
0x000002a8dac88480, 0x000002a9200b72b0, 0x000002a92019ad10, 0x000002a9203040e0,
0x000002a920a705c0, 0x000002a920a712e0, 0x000002a920a6f210, 0x000002a920a6e4f0,
0x000002a921afe400, 0x000002a921af9540, 0x000002a921afea90, 0x000002a921af9bd0,
0x000002a921afc330, 0x000002a921afa260, 0x000002a921afbca0, 0x000002a921af8820,
0x000002a921afaf80, 0x000002a922b30810, 0x000002a922b31530, 0x000002a922b2e0b0,
0x000002a922b30ea0, 0x000002a922b2e740, 0x000002a922b30180, 0x000002a922b2faf0,
0x000002a922b2edd0, 0x000002a922b2f460, 0x000002a921afa8f0, 0x000002a922cc0fd0,
0x000002a922cc3dc0, 0x000002a922cc78d0, 0x000002a922cc1cf0, 0x000002a922cc2380,
0x000002a922cc0940, 0x000002a922cc2a10, 0x000002a922cc7f60, 0x000002a922cc6520
}

Java Threads: ( => current thread )
  0x000002a8bbb635e0 JavaThread "main"                              [_thread_blocked, id=112340, stack(0x000000d7a8900000,0x000000d7a8a00000) (1024K)]
  0x000002a8dac78b30 JavaThread "Reference Handler"          daemon [_thread_blocked, id=104144, stack(0x000000d7a9100000,0x000000d7a9200000) (1024K)]
  0x000002a8dac79b80 JavaThread "Finalizer"                  daemon [_thread_blocked, id=110892, stack(0x000000d7a9200000,0x000000d7a9300000) (1024K)]
  0x000002a8dac7e050 JavaThread "Signal Dispatcher"          daemon [_thread_blocked, id=112312, stack(0x000000d7a9300000,0x000000d7a9400000) (1024K)]
  0x000002a8dac7ecb0 JavaThread "Attach Listener"            daemon [_thread_blocked, id=110476, stack(0x000000d7a9400000,0x000000d7a9500000) (1024K)]
  0x000002a8dac81950 JavaThread "Service Thread"             daemon [_thread_blocked, id=110816, stack(0x000000d7a9500000,0x000000d7a9600000) (1024K)]
  0x000002a8dac824e0 JavaThread "Monitor Deflation Thread"   daemon [_thread_blocked, id=76144, stack(0x000000d7a9600000,0x000000d7a9700000) (1024K)]
=>0x000002a8dac87780 JavaThread "C2 CompilerThread0"         daemon [_thread_in_native, id=114116, stack(0x000000d7a9700000,0x000000d7a9800000) (1024K)]
  0x000002a8dac88480 JavaThread "C1 CompilerThread0"         daemon [_thread_blocked, id=111268, stack(0x000000d7a9800000,0x000000d7a9900000) (1024K)]
  0x000002a9200b72b0 JavaThread "Common-Cleaner"             daemon [_thread_blocked, id=100120, stack(0x000000d7a9900000,0x000000d7a9a00000) (1024K)]
  0x000002a92019ad10 JavaThread "Monitor Ctrl-Break"         daemon [_thread_in_native, id=114656, stack(0x000000d7a9a00000,0x000000d7a9b00000) (1024K)]
  0x000002a9203040e0 JavaThread "Notification Thread"        daemon [_thread_blocked, id=113832, stack(0x000000d7a9b00000,0x000000d7a9c00000) (1024K)]
  0x000002a920a705c0 JavaThread "RMI TCP Accept-0"           daemon [_thread_in_native, id=114528, stack(0x000000d7aa500000,0x000000d7aa600000) (1024K)]
  0x000002a920a712e0 JavaThread "RMI TCP Connection(1)-192.168.56.1" daemon [_thread_in_native, id=106724, stack(0x000000d7aa600000,0x000000d7aa700000) (1024K)]
  0x000002a920a6f210 JavaThread "RMI Scheduler(0)"           daemon [_thread_blocked, id=114372, stack(0x000000d7aa700000,0x000000d7aa800000) (1024K)]
  0x000002a920a6e4f0 JavaThread "JMX server connection timeout 33" daemon [_thread_blocked, id=106860, stack(0x000000d7aa800000,0x000000d7aa900000) (1024K)]
  0x000002a921afe400 JavaThread "ForkJoinPool.commonPool-worker-1" daemon [_thread_blocked, id=109768, stack(0x000000d7aa900000,0x000000d7aaa00000) (1024K)]
  0x000002a921af9540 JavaThread "ForkJoinPool.commonPool-worker-2" daemon [_thread_blocked, id=104696, stack(0x000000d7aaa00000,0x000000d7aab00000) (1024K)]
  0x000002a921afea90 JavaThread "Forwarding findElement on session aa177eaa59f21119cb672fad829ec334 to remote"        [_thread_blocked, id=114520, stack(0x000000d7aab00000,0x000000d7aac00000) (1024K)]
  0x000002a921af9bd0 JavaThread "Forwarding isElementDisplayed on session f92f9b1a-1d11-4b25-9bcc-74b44324a88b to remote"        [_thread_blocked, id=112460, stack(0x000000d7aac00000,0x000000d7aad00000) (1024K)]
  0x000002a921afc330 JavaThread "HttpClient-1-SelectorManager" daemon [_thread_in_native, id=113916, stack(0x000000d7aad00000,0x000000d7aae00000) (1024K)]
  0x000002a921afa260 JavaThread "External Process Output Forwarder - C:\Users\topla\.cache\selenium\geckodriver\win64\0.36.0\geckodriver.exe" daemon [_thread_in_native, id=113324, stack(0x000000d7aaf00000,0x000000d7ab000000) (1024K)]
  0x000002a921afbca0 JavaThread "Driver Service Executor"    daemon [_thread_blocked, id=114180, stack(0x000000d7ab000000,0x000000d7ab100000) (1024K)]
  0x000002a921af8820 JavaThread "Driver Service Executor"    daemon [_thread_in_native, id=114596, stack(0x000000d7ab100000,0x000000d7ab200000) (1024K)]
  0x000002a921afaf80 JavaThread "JdkHttpClient-0-0"          daemon [_thread_blocked, id=109884, stack(0x000000d7ab300000,0x000000d7ab400000) (1024K)]
  0x000002a922b30810 JavaThread "CompletableFutureDelayScheduler" daemon [_thread_blocked, id=111160, stack(0x000000d7ab400000,0x000000d7ab500000) (1024K)]
  0x000002a922b31530 JavaThread "JdkHttpClient-0-1"          daemon [_thread_blocked, id=112720, stack(0x000000d7ab500000,0x000000d7ab600000) (1024K)]
  0x000002a922b2e0b0 JavaThread "JdkHttpClient-0-2"          daemon [_thread_blocked, id=114400, stack(0x000000d7ab600000,0x000000d7ab700000) (1024K)]
  0x000002a922b30ea0 JavaThread "JdkHttpClient-0-3"          daemon [_thread_blocked, id=114420, stack(0x000000d7ab700000,0x000000d7ab800000) (1024K)]
  0x000002a922b2e740 JavaThread "HttpClient-2-SelectorManager" daemon [_thread_in_native, id=114100, stack(0x000000d7a9c00000,0x000000d7a9d00000) (1024K)]
  0x000002a922b30180 JavaThread "External Process Output Forwarder - C:\Users\topla\.cache\selenium\chromedriver\win64\139.0.7258.138\chromedriver.exe" daemon [_thread_in_native, id=114448, stack(0x000000d7aae00000,0x000000d7aaf00000) (1024K)]
  0x000002a922b2faf0 JavaThread "Driver Service Executor"    daemon [_thread_blocked, id=107616, stack(0x000000d7ab800000,0x000000d7ab900000) (1024K)]
  0x000002a922b2edd0 JavaThread "Driver Service Executor"    daemon [_thread_in_native, id=113816, stack(0x000000d7ab900000,0x000000d7aba00000) (1024K)]
  0x000002a922b2f460 JavaThread "UrlChecker-2"               daemon [_thread_blocked, id=114432, stack(0x000000d7aba00000,0x000000d7abb00000) (1024K)]
  0x000002a921afa8f0 JavaThread "Keep-Alive-Timer"           daemon [_thread_blocked, id=107144, stack(0x000000d7abb00000,0x000000d7abc00000) (1024K)]
  0x000002a922cc0fd0 JavaThread "JdkHttpClient-1-0"          daemon [_thread_blocked, id=113848, stack(0x000000d7abc00000,0x000000d7abd00000) (1024K)]
  0x000002a922cc3dc0 JavaThread "JdkHttpClient-1-1"          daemon [_thread_blocked, id=114512, stack(0x000000d7abd00000,0x000000d7abe00000) (1024K)]
  0x000002a922cc78d0 JavaThread "JdkHttpClient-1-2"          daemon [_thread_blocked, id=113348, stack(0x000000d7abe00000,0x000000d7abf00000) (1024K)]
  0x000002a922cc1cf0 JavaThread "JdkHttpClient-1-3"          daemon [_thread_blocked, id=111772, stack(0x000000d7abf00000,0x000000d7ac000000) (1024K)]
  0x000002a922cc2380 JavaThread "HttpClient-3-SelectorManager" daemon [_thread_in_native, id=113836, stack(0x000000d7ac000000,0x000000d7ac100000) (1024K)]
  0x000002a922cc0940 JavaThread "JdkHttpClient-2-0"          daemon [_thread_blocked, id=111248, stack(0x000000d7ac100000,0x000000d7ac200000) (1024K)]
  0x000002a922cc2a10 JavaThread "JdkHttpClient-2-1"          daemon [_thread_blocked, id=113928, stack(0x000000d7ac200000,0x000000d7ac300000) (1024K)]
  0x000002a922cc7f60 JavaThread "JdkHttpClient-2-2"          daemon [_thread_blocked, id=113204, stack(0x000000d7ac300000,0x000000d7ac400000) (1024K)]
  0x000002a922cc6520 JavaThread "JdkHttpClient-2-3"          daemon [_thread_blocked, id=114348, stack(0x000000d7ac400000,0x000000d7ac500000) (1024K)]
Total: 44

Other Threads:
  0x000002a8dac591e0 VMThread "VM Thread"                           [id=113900, stack(0x000000d7a9000000,0x000000d7a9100000) (1024K)]
  0x000002a8dac45b80 WatcherThread "VM Periodic Task Thread"        [id=110208, stack(0x000000d7a8f00000,0x000000d7a9000000) (1024K)]
  0x000002a8bbbce460 WorkerThread "GC Thread#0"                     [id=108936, stack(0x000000d7a8a00000,0x000000d7a8b00000) (1024K)]
  0x000002a9214c8f00 WorkerThread "GC Thread#1"                     [id=105692, stack(0x000000d7a9d00000,0x000000d7a9e00000) (1024K)]
  0x000002a921542450 WorkerThread "GC Thread#2"                     [id=107524, stack(0x000000d7a9e00000,0x000000d7a9f00000) (1024K)]
  0x000002a9215427f0 WorkerThread "GC Thread#3"                     [id=110500, stack(0x000000d7a9f00000,0x000000d7aa000000) (1024K)]
  0x000002a9214b1950 WorkerThread "GC Thread#4"                     [id=112128, stack(0x000000d7aa000000,0x000000d7aa100000) (1024K)]
  0x000002a9214b20f0 WorkerThread "GC Thread#5"                     [id=111872, stack(0x000000d7aa100000,0x000000d7aa200000) (1024K)]
  0x000002a9214f8350 WorkerThread "GC Thread#6"                     [id=114204, stack(0x000000d7aa200000,0x000000d7aa300000) (1024K)]
  0x000002a9214f7410 WorkerThread "GC Thread#7"                     [id=113768, stack(0x000000d7aa300000,0x000000d7aa400000) (1024K)]
  0x000002a8bbbdf300 ConcurrentGCThread "G1 Main Marker"            [id=108860, stack(0x000000d7a8b00000,0x000000d7a8c00000) (1024K)]
  0x000002a8bbbe05a0 WorkerThread "G1 Conc#0"                       [id=107664, stack(0x000000d7a8c00000,0x000000d7a8d00000) (1024K)]
  0x000002a9218d1830 WorkerThread "G1 Conc#1"                       [id=114168, stack(0x000000d7aa400000,0x000000d7aa500000) (1024K)]
  0x000002a8bbc1eaa0 ConcurrentGCThread "G1 Refine#0"               [id=111760, stack(0x000000d7a8d00000,0x000000d7a8e00000) (1024K)]
  0x000002a8dab156f0 ConcurrentGCThread "G1 Service"                [id=91412, stack(0x000000d7a8e00000,0x000000d7a8f00000) (1024K)]
Total: 15

Threads with active compile tasks:
C2 CompilerThread0    11538 3520       4       java.lang.StringConcatHelper::simpleConcat (94 bytes)
Total: 1

VM state: not at safepoint (normal execution)

VM Mutex/Monitor currently owned by a thread: None

Heap address: 0x0000000702e00000, size: 4050 MB, Compressed Oops mode: Zero based, Oop shift amount: 3

CDS archive(s) mapped at: [0x000002a8db000000-0x000002a8dbc90000-0x000002a8dbc90000), size 13172736, SharedBaseAddress: 0x000002a8db000000, ArchiveRelocationMode: 1.
Compressed class space mapped at: 0x000002a8dc000000-0x000002a91c000000, reserved size: 1073741824
Narrow klass base: 0x000002a8db000000, Narrow klass shift: 0, Narrow klass range: 0x100000000

GC Precious Log:
 CardTable entry size: 512
 Card Set container configuration: InlinePtr #cards 4 size 8 Array Of Cards #cards 16 size 48 Howl #buckets 8 coarsen threshold 3686 Howl Bitmap #cards 512 size 80 coarsen threshold 460 Card regions per heap region 1 cards per card region 4096
 CPUs: 8 total, 8 available
 Memory: 16197M
 Large Page Support: Disabled
 NUMA Support: Disabled
 Compressed Oops: Enabled (Zero based)
 Heap Region Size: 2M
 Heap Min Capacity: 8M
 Heap Initial Capacity: 254M
 Heap Max Capacity: 4050M
 Pre-touch: Disabled
 Parallel Workers: 8
 Concurrent Workers: 2
 Concurrent Refinement Workers: 8
 Periodic GC: Disabled

Heap:
 garbage-first heap   total 40960K, used 21179K [0x0000000702e00000, 0x0000000800000000)
  region size 2048K, 9 young (18432K), 2 survivors (4096K)
 Metaspace       used 25918K, committed 26432K, reserved 1114112K
  class space    used 3003K, committed 3200K, reserved 1048576K

Heap Regions: E=young(eden), S=young(survivor), O=old, HS=humongous(starts), HC=humongous(continues), CS=collection set, F=free, TAMS=top-at-mark-start, PB=parsable bottom
|   0|0x0000000702e00000, 0x0000000703000000, 0x0000000703000000|100%| O|  |TAMS 0x0000000702e00000| PB 0x0000000702e00000| Untracked 
|   1|0x0000000703000000, 0x0000000703200000, 0x0000000703200000|100%| O|  |TAMS 0x0000000703000000| PB 0x0000000703000000| Untracked 
|   2|0x0000000703200000, 0x000000070338ac98, 0x0000000703400000| 77%| O|Cm|TAMS 0x0000000703200000| PB 0x0000000703200000| Complete 
|   3|0x0000000703400000, 0x0000000703600000, 0x0000000703600000|100%| O|  |TAMS 0x0000000703400000| PB 0x0000000703400000| Untracked 
|   4|0x0000000703600000, 0x00000007036830d0, 0x0000000703800000| 25%| O|  |TAMS 0x0000000703600000| PB 0x0000000703600000| Untracked 
|   5|0x0000000703800000, 0x0000000703800000, 0x0000000703a00000|  0%| F|  |TAMS 0x0000000703800000| PB 0x0000000703800000| Untracked 
|   6|0x0000000703a00000, 0x0000000703aa1220, 0x0000000703c00000| 31%| S|CS|TAMS 0x0000000703a00000| PB 0x0000000703a00000| Complete 
|   7|0x0000000703c00000, 0x0000000703e00000, 0x0000000703e00000|100%| S|CS|TAMS 0x0000000703c00000| PB 0x0000000703c00000| Complete 
|   8|0x0000000703e00000, 0x0000000703e00000, 0x0000000704000000|  0%| F|  |TAMS 0x0000000703e00000| PB 0x0000000703e00000| Untracked 
|   9|0x0000000704000000, 0x0000000704000000, 0x0000000704200000|  0%| F|  |TAMS 0x0000000704000000| PB 0x0000000704000000| Untracked 
|  10|0x0000000704200000, 0x0000000704200000, 0x0000000704400000|  0%| F|  |TAMS 0x0000000704200000| PB 0x0000000704200000| Untracked 
|  11|0x0000000704400000, 0x0000000704400000, 0x0000000704600000|  0%| F|  |TAMS 0x0000000704400000| PB 0x0000000704400000| Untracked 
|  12|0x0000000704600000, 0x0000000704600000, 0x0000000704800000|  0%| F|  |TAMS 0x0000000704600000| PB 0x0000000704600000| Untracked 
|  13|0x0000000704800000, 0x00000007048f4a20, 0x0000000704a00000| 47%| E|  |TAMS 0x0000000704800000| PB 0x0000000704800000| Complete 
|  14|0x0000000704a00000, 0x0000000704c00000, 0x0000000704c00000|100%| E|CS|TAMS 0x0000000704a00000| PB 0x0000000704a00000| Complete 
|  15|0x0000000704c00000, 0x0000000704e00000, 0x0000000704e00000|100%| E|CS|TAMS 0x0000000704c00000| PB 0x0000000704c00000| Complete 
|  16|0x0000000704e00000, 0x0000000705000000, 0x0000000705000000|100%| E|  |TAMS 0x0000000704e00000| PB 0x0000000704e00000| Complete 
| 120|0x0000000711e00000, 0x0000000712000000, 0x0000000712000000|100%| E|CS|TAMS 0x0000000711e00000| PB 0x0000000711e00000| Complete 
| 121|0x0000000712000000, 0x0000000712200000, 0x0000000712200000|100%| E|CS|TAMS 0x0000000712000000| PB 0x0000000712000000| Complete 
| 126|0x0000000712a00000, 0x0000000712c00000, 0x0000000712c00000|100%| E|CS|TAMS 0x0000000712a00000| PB 0x0000000712a00000| Complete 

Card table byte_map: [0x000002a8d3af0000,0x000002a8d42e0000] _byte_map_base: 0x000002a8d02d9000

Marking Bits: (CMBitMap*) 0x000002a8bbbceb60
 Bits: [0x000002a8d42e0000, 0x000002a8d8228000)

Polling page: 0x000002a8b9ae0000

Metaspace:

Usage:
  Non-class:     22.38 MB used.
      Class:      2.93 MB used.
       Both:     25.31 MB used.

Virtual space:
  Non-class space:       64.00 MB reserved,      22.69 MB ( 35%) committed,  1 nodes.
      Class space:        1.00 GB reserved,       3.12 MB ( <1%) committed,  1 nodes.
             Both:        1.06 GB reserved,      25.81 MB (  2%) committed. 

Chunk freelists:
   Non-Class:  8.41 MB
       Class:  12.77 MB
        Both:  21.17 MB

MaxMetaspaceSize: unlimited
CompressedClassSpaceSize: 1.00 GB
Initial GC threshold: 21.00 MB
Current GC threshold: 35.31 MB
CDS: on
 - commit_granule_bytes: 65536.
 - commit_granule_words: 8192.
 - virtual_space_node_default_size: 8388608.
 - enlarge_chunks_in_place: 1.
 - use_allocation_guard: 0.


Internal statistics:

num_allocs_failed_limit: 3.
num_arena_births: 678.
num_arena_deaths: 0.
num_vsnodes_births: 2.
num_vsnodes_deaths: 0.
num_space_committed: 413.
num_space_uncommitted: 0.
num_chunks_returned_to_freelist: 3.
num_chunks_taken_from_freelist: 1283.
num_chunk_merges: 0.
num_chunk_splits: 752.
num_chunks_enlarged: 403.
num_inconsistent_stats: 0.

CodeHeap 'non-profiled nmethods': size=120000Kb used=1376Kb max_used=1376Kb free=118623Kb
 bounds [0x000002a8cba90000, 0x000002a8cbd00000, 0x000002a8d2fc0000]
CodeHeap 'profiled nmethods': size=120000Kb used=6711Kb max_used=6711Kb free=113288Kb
 bounds [0x000002a8c3fc0000, 0x000002a8c4650000, 0x000002a8cb4f0000]
CodeHeap 'non-nmethods': size=5760Kb used=1562Kb max_used=1599Kb free=4197Kb
 bounds [0x000002a8cb4f0000, 0x000002a8cb760000, 0x000002a8cba90000]
 total_blobs=4141 nmethods=3517 adapters=528
 compilation: enabled
              stopped_count=0, restarted_count=0
 full_count=0

Compilation events (20 events):
Event: 11.235 Thread 0x000002a8dac88480 nmethod 3510 0x000002a8c4644510 code [0x000002a8c46449a0, 0x000002a8c4646fe0]
Event: 11.235 Thread 0x000002a8dac88480 3513       3       java.util.ArrayList$ListItr::hasPrevious (13 bytes)
Event: 11.235 Thread 0x000002a8dac88480 nmethod 3513 0x000002a8c4647d90 code [0x000002a8c4647f20, 0x000002a8c4648088]
Event: 11.235 Thread 0x000002a8dac88480 3511       3       java.lang.invoke.VarHandleInts$FieldInstanceReadWrite::compareAndSet (32 bytes)
Event: 11.235 Thread 0x000002a8dac88480 nmethod 3511 0x000002a8c4648110 code [0x000002a8c4648300, 0x000002a8c46488a8]
Event: 11.441 Thread 0x000002a8dac87780 3514       4       java.lang.Class::searchMethods (104 bytes)
Event: 11.442 Thread 0x000002a8dac88480 3515       3       org.openqa.selenium.remote.http.HttpRequest::addHeader (7 bytes)
Event: 11.442 Thread 0x000002a8dac88480 nmethod 3515 0x000002a8c4648b10 code [0x000002a8c4648cc0, 0x000002a8c4648e00]
Event: 11.442 Thread 0x000002a8dac88480 3517       3       java.net.URI$Parser::parseHostname (224 bytes)
Event: 11.446 Thread 0x000002a8dac88480 nmethod 3517 0x000002a8c4648e90 code [0x000002a8c4649300, 0x000002a8c464b3d0]
Event: 11.446 Thread 0x000002a8dac88480 3516       3       org.openqa.selenium.remote.http.HttpRequest::getHeader (6 bytes)
Event: 11.447 Thread 0x000002a8dac88480 nmethod 3516 0x000002a8c464c110 code [0x000002a8c464c2c0, 0x000002a8c464c400]
Event: 11.447 Thread 0x000002a8dac88480 3518       3       jdk.internal.net.http.Http1Exchange$Http1Publisher$Http1WriteSubscription::request (97 bytes)
Event: 11.448 Thread 0x000002a8dac88480 nmethod 3518 0x000002a8c464c490 code [0x000002a8c464c6e0, 0x000002a8c464d0c8]
Event: 11.449 Thread 0x000002a8dac88480 3519       3       java.util.ArrayDeque::<init> (14 bytes)
Event: 11.450 Thread 0x000002a8dac88480 nmethod 3519 0x000002a8c464d490 code [0x000002a8c464d640, 0x000002a8c464d908]
Event: 11.453 Thread 0x000002a8dac88480 3521       3       jdk.internal.net.http.common.SequentialScheduler$CompleteRestartableTask::<init> (5 bytes)
Event: 11.453 Thread 0x000002a8dac88480 nmethod 3521 0x000002a8c464da10 code [0x000002a8c464dbc0, 0x000002a8c464dd28]
Event: 11.454 Thread 0x000002a8dac87780 nmethod 3514 0x000002a8cbbe7810 code [0x000002a8cbbe79e0, 0x000002a8cbbe7f00]
Event: 11.454 Thread 0x000002a8dac87780 3520       4       java.lang.StringConcatHelper::simpleConcat (94 bytes)

GC Heap History (8 events):
Event: 0.602 GC heap before
{Heap before GC invocations=0 (full 0):
 garbage-first heap   total 260096K, used 22528K [0x0000000702e00000, 0x0000000800000000)
  region size 2048K, 11 young (22528K), 0 survivors (0K)
 Metaspace       used 9828K, committed 10048K, reserved 1114112K
  class space    used 992K, committed 1088K, reserved 1048576K
}
Event: 0.606 GC heap after
{Heap after GC invocations=1 (full 0):
 garbage-first heap   total 260096K, used 5967K [0x0000000702e00000, 0x0000000800000000)
  region size 2048K, 2 young (4096K), 2 survivors (4096K)
 Metaspace       used 9828K, committed 10048K, reserved 1114112K
  class space    used 992K, committed 1088K, reserved 1048576K
}
Event: 1.702 GC heap before
{Heap before GC invocations=1 (full 0):
 garbage-first heap   total 260096K, used 36687K [0x0000000702e00000, 0x0000000800000000)
  region size 2048K, 17 young (34816K), 2 survivors (4096K)
 Metaspace       used 18543K, committed 19008K, reserved 1114112K
  class space    used 2120K, committed 2304K, reserved 1048576K
}
Event: 1.708 GC heap after
{Heap after GC invocations=2 (full 0):
 garbage-first heap   total 260096K, used 8419K [0x0000000702e00000, 0x0000000800000000)
  region size 2048K, 2 young (4096K), 2 survivors (4096K)
 Metaspace       used 18543K, committed 19008K, reserved 1114112K
  class space    used 2120K, committed 2304K, reserved 1048576K
}
Event: 1.852 GC heap before
{Heap before GC invocations=2 (full 0):
 garbage-first heap   total 260096K, used 16611K [0x0000000702e00000, 0x0000000800000000)
  region size 2048K, 7 young (14336K), 2 survivors (4096K)
 Metaspace       used 21037K, committed 21504K, reserved 1114112K
  class space    used 2376K, committed 2624K, reserved 1048576K
}
Event: 1.855 GC heap after
{Heap after GC invocations=3 (full 0):
 garbage-first heap   total 260096K, used 9771K [0x0000000702e00000, 0x0000000800000000)
  region size 2048K, 2 young (4096K), 2 survivors (4096K)
 Metaspace       used 21037K, committed 21504K, reserved 1114112K
  class space    used 2376K, committed 2624K, reserved 1048576K
}
Event: 6.299 GC heap before
{Heap before GC invocations=4 (full 0):
 garbage-first heap   total 40960K, used 30251K [0x0000000702e00000, 0x0000000800000000)
  region size 2048K, 12 young (24576K), 2 survivors (4096K)
 Metaspace       used 25129K, committed 25664K, reserved 1114112K
  class space    used 2949K, committed 3200K, reserved 1048576K
}
Event: 6.305 GC heap after
{Heap after GC invocations=5 (full 0):
 garbage-first heap   total 40960K, used 10939K [0x0000000702e00000, 0x0000000800000000)
  region size 2048K, 2 young (4096K), 2 survivors (4096K)
 Metaspace       used 25129K, committed 25664K, reserved 1114112K
  class space    used 2949K, committed 3200K, reserved 1048576K
}

Dll operation events (13 events):
Event: 0.010 Loaded shared library C:\Program Files\Java\jdk-21\bin\java.dll
Event: 0.011 Loaded shared library C:\Program Files\Java\jdk-21\bin\zip.dll
Event: 0.053 Loaded shared library C:\Program Files\Java\jdk-21\bin\jsvml.dll
Event: 0.179 Loaded shared library C:\Program Files\Java\jdk-21\bin\instrument.dll
Event: 0.185 Loaded shared library C:\Program Files\Java\jdk-21\bin\net.dll
Event: 0.187 Loaded shared library C:\Program Files\Java\jdk-21\bin\nio.dll
Event: 0.193 Loaded shared library C:\Program Files\Java\jdk-21\bin\zip.dll
Event: 0.202 Loaded shared library D:\New folder\IntelliJ IDEA 2024.3.1.1\bin\breakgen64.dll
Event: 0.214 Loaded shared library C:\Program Files\Java\jdk-21\bin\extnet.dll
Event: 0.237 Loaded shared library C:\Program Files\Java\jdk-21\bin\jimage.dll
Event: 0.374 Loaded shared library C:\Program Files\Java\jdk-21\bin\management.dll
Event: 0.389 Loaded shared library C:\Program Files\Java\jdk-21\bin\management_ext.dll
Event: 1.665 Loaded shared library C:\Program Files\Java\jdk-21\bin\sunmscapi.dll

Deoptimization events (20 events):
Event: 9.447 Thread 0x000002a921af9bd0 Uncommon trap: trap_request=0xffffffc6 fr.pc=0x000002a8cbbb6144 relative=0x00000000000005a4
Event: 9.447 Thread 0x000002a921af9bd0 Uncommon trap: reason=bimorphic_or_optimized_type_check action=maybe_recompile pc=0x000002a8cbbb6144 method=java.util.regex.Pattern$GroupTail.match(Ljava/util/regex/Matcher;ILjava/lang/CharSequence;)Z @ 70 c2
Event: 9.447 Thread 0x000002a921af9bd0 DEOPT PACKING pc=0x000002a8cbbb6144 sp=0x000000d7aacfcbf0
Event: 9.447 Thread 0x000002a921af9bd0 DEOPT UNPACKING pc=0x000002a8cb5446a2 sp=0x000000d7aacfcb80 mode 2
Event: 9.447 Thread 0x000002a921af9bd0 Uncommon trap: trap_request=0xffffffc6 fr.pc=0x000002a8cbbb6144 relative=0x00000000000005a4
Event: 9.447 Thread 0x000002a921af9bd0 Uncommon trap: reason=bimorphic_or_optimized_type_check action=maybe_recompile pc=0x000002a8cbbb6144 method=java.util.regex.Pattern$GroupTail.match(Ljava/util/regex/Matcher;ILjava/lang/CharSequence;)Z @ 70 c2
Event: 9.447 Thread 0x000002a921af9bd0 DEOPT PACKING pc=0x000002a8cbbb6144 sp=0x000000d7aacfcbf0
Event: 9.447 Thread 0x000002a921af9bd0 DEOPT UNPACKING pc=0x000002a8cb5446a2 sp=0x000000d7aacfcb80 mode 2
Event: 9.508 Thread 0x000002a921af9bd0 Uncommon trap: trap_request=0xffffff45 fr.pc=0x000002a8cbb29630 relative=0x0000000000000270
Event: 9.508 Thread 0x000002a921af9bd0 Uncommon trap: reason=unstable_if action=reinterpret pc=0x000002a8cbb29630 method=java.lang.String.startsWith(Ljava/lang/String;I)Z @ 50 c2
Event: 9.508 Thread 0x000002a921af9bd0 DEOPT PACKING pc=0x000002a8cbb29630 sp=0x000000d7aacfcae0
Event: 9.508 Thread 0x000002a921af9bd0 DEOPT UNPACKING pc=0x000002a8cb5446a2 sp=0x000000d7aacfca80 mode 2
Event: 10.065 Thread 0x000002a921afea90 DEOPT PACKING pc=0x000002a8c4495249 sp=0x000000d7aabfc220
Event: 10.065 Thread 0x000002a921afea90 DEOPT UNPACKING pc=0x000002a8cb544e42 sp=0x000000d7aabfb740 mode 0
Event: 10.142 Thread 0x000002a921af9bd0 Uncommon trap: trap_request=0xffffffc6 fr.pc=0x000002a8cbbb6144 relative=0x00000000000005a4
Event: 10.142 Thread 0x000002a921af9bd0 Uncommon trap: reason=bimorphic_or_optimized_type_check action=maybe_recompile pc=0x000002a8cbbb6144 method=java.util.regex.Pattern$GroupTail.match(Ljava/util/regex/Matcher;ILjava/lang/CharSequence;)Z @ 70 c2
Event: 10.142 Thread 0x000002a921af9bd0 DEOPT PACKING pc=0x000002a8cbbb6144 sp=0x000000d7aacfe170
Event: 10.142 Thread 0x000002a921af9bd0 DEOPT UNPACKING pc=0x000002a8cb5446a2 sp=0x000000d7aacfe100 mode 2
Event: 11.184 Thread 0x000002a921af9bd0 DEOPT PACKING pc=0x000002a8c45d81ab sp=0x000000d7aacfd520
Event: 11.184 Thread 0x000002a921af9bd0 DEOPT UNPACKING pc=0x000002a8cb544e42 sp=0x000000d7aacfc9c0 mode 0

Classes loaded (20 events):
Event: 9.444 Loading class org/openqa/selenium/interactions/Actions$BuiltAction
Event: 9.444 Loading class org/openqa/selenium/interactions/Actions$BuiltAction done
Event: 9.514 Loading class java/util/LinkedList$LLSpliterator
Event: 9.515 Loading class java/util/LinkedList$LLSpliterator done
Event: 10.887 Loading class com/codeborne/selenide/impl/Describe
Event: 10.887 Loading class com/codeborne/selenide/impl/Describe done
Event: 10.898 Loading class com/codeborne/selenide/impl/WebDriverInstance
Event: 10.898 Loading class com/codeborne/selenide/impl/WebDriverInstance done
Event: 10.899 Loading class com/codeborne/selenide/impl/WebDriverInstance
Event: 10.899 Loading class com/codeborne/selenide/impl/WebDriverInstance done
Event: 10.899 Loading class org/openqa/selenium/SearchContext
Event: 10.899 Loading class org/openqa/selenium/SearchContext done
Event: 10.899 Loading class org/openqa/selenium/SearchContext
Event: 10.899 Loading class org/openqa/selenium/SearchContext done
Event: 10.949 Loading class org/openqa/selenium/WebElement
Event: 10.949 Loading class org/openqa/selenium/WebElement done
Event: 10.958 Loading class org/openqa/selenium/WebElement
Event: 10.958 Loading class org/openqa/selenium/WebElement done
Event: 10.962 Loading class org/opentest4j/ValueWrapper
Event: 10.962 Loading class org/opentest4j/ValueWrapper done

Classes unloaded (0 events):
No events

Classes redefined (1 events):
Event: 0.232 Thread 0x000002a8dac591e0 redefined class name=java.lang.Throwable, count=1

Internal exceptions (20 events):
Event: 1.964 Thread 0x000002a921afbca0 Exception <a 'java/net/ConnectException'{0x0000000704f22c98}: Connection refused: getsockopt> (0x0000000704f22c98) 
thrown [s\open\src\hotspot\share\prims\jni.cpp, line 539]
Event: 1.985 Thread 0x000002a921afbca0 Exception <a 'java/net/ConnectException'{0x0000000704f23550}: Connection refused: getsockopt> (0x0000000704f23550) 
thrown [s\open\src\hotspot\share\prims\jni.cpp, line 539]
Event: 2.012 Thread 0x000002a921af9bd0 Exception <a 'java/lang/NoSuchMethodError'{0x0000000704d3a858}: 'java.lang.Object java.lang.invoke.DirectMethodHandle$Holder.newInvokeSpecial(java.lang.Object, java.lang.Object, int, int)'> (0x0000000704d3a858) 
thrown [s\open\src\hotspot\share\interpreter\linkResolver.cpp, line 773]
Event: 2.013 Thread 0x000002a921af9bd0 Exception <a 'java/lang/NoSuchMethodError'{0x0000000704d44aa0}: 'void java.lang.invoke.DirectMethodHandle$Holder.invokeStatic(java.lang.Object, java.lang.Object, int)'> (0x0000000704d44aa0) 
thrown [s\open\src\hotspot\share\interpreter\linkResolver.cpp, line 773]
Event: 2.057 Thread 0x000002a921afaf80 Exception <a 'java/lang/NoSuchMethodError'{0x0000000704b88c98}: 'java.lang.Object java.lang.invoke.DirectMethodHandle$Holder.invokeSpecial(java.lang.Object, java.lang.Object, java.lang.Object, java.lang.Object, int)'> (0x0000000704b88c98) 
thrown [s\open\src\hotspot\share\interpreter\linkResolver.cpp, line 773]
Event: 2.057 Thread 0x000002a921afaf80 Exception <a 'java/lang/NoSuchMethodError'{0x0000000704b8c640}: 'java.lang.Object java.lang.invoke.Invokers$Holder.linkToTargetMethod(java.lang.Object, java.lang.Object, int, java.lang.Object)'> (0x0000000704b8c640) 
thrown [s\open\src\hotspot\share\interpreter\linkResolver.cpp, line 773]
Event: 2.072 Thread 0x000002a921afaf80 Exception <a 'java/lang/NoSuchMethodError'{0x0000000704800a38}: 'void java.lang.invoke.DirectMethodHandle$Holder.invokeSpecial(java.lang.Object, java.lang.Object, java.lang.Object, java.lang.Object, java.lang.Object)'> (0x0000000704800a38) 
thrown [s\open\src\hotspot\share\interpreter\linkResolver.cpp, line 773]
Event: 2.238 Thread 0x000002a922b2f460 Exception <a 'java/net/ConnectException'{0x00000007049ebdf0}: Connection refused: getsockopt> (0x00000007049ebdf0) 
thrown [s\open\src\hotspot\share\prims\jni.cpp, line 539]
Event: 2.251 Thread 0x000002a922b2f460 Exception <a 'java/net/ConnectException'{0x00000007049ed068}: Connection refused: getsockopt> (0x00000007049ed068) 
thrown [s\open\src\hotspot\share\prims\jni.cpp, line 539]
Event: 3.246 Thread 0x000002a922cc1cf0 Exception <a 'java/lang/NoSuchMethodError'{0x000000070475dbb0}: 'java.lang.Object java.lang.invoke.DirectMethodHandle$Holder.newInvokeSpecial(java.lang.Object, java.lang.Object, long, java.lang.Object, java.lang.Object, java.lang.Object)'> (0x000000070475dbb0) 
thrown [s\open\src\hotspot\share\interpreter\linkResolver.cpp, line 773]
Event: 3.249 Thread 0x000002a922cc1cf0 Exception <a 'java/lang/NoSuchMethodError'{0x0000000704776bb0}: 'void java.lang.invoke.DirectMethodHandle$Holder.invokeSpecial(java.lang.Object, java.lang.Object, java.lang.Object, java.lang.Object, java.lang.Object, java.lang.Object, java.lang.Object)'> (0x0000000704776bb0) 
thrown [s\open\src\hotspot\share\interpreter\linkResolver.cpp, line 773]
Event: 3.263 Thread 0x000002a921afea90 Exception <a 'java/lang/NoSuchMethodError'{0x00000007047ad228}: 'java.lang.Object java.lang.invoke.DirectMethodHandle$Holder.invokeSpecialIFC(java.lang.Object, java.lang.Object, java.lang.Object)'> (0x00000007047ad228) 
thrown [s\open\src\hotspot\share\interpreter\linkResolver.cpp, line 773]
Event: 3.366 Thread 0x000002a921afea90 Exception <a 'java/lang/ClassNotFoundException'{0x00000007042f8fb0}: sun/util/logging/resources/spi/loggingProvider> (0x00000007042f8fb0) 
thrown [s\open\src\hotspot\share\classfile\systemDictionary.cpp, line 312]
Event: 3.408 Thread 0x000002a921afea90 Exception <a 'java/lang/IncompatibleClassChangeError'{0x0000000704022ce8}: Found class java.lang.Object, but interface was expected> (0x0000000704022ce8) 
thrown [s\open\src\hotspot\share\interpreter\linkResolver.cpp, line 840]
Event: 3.409 Thread 0x000002a921afea90 Exception <a 'java/lang/NoSuchMethodError'{0x00000007040251f0}: 'void java.lang.invoke.DirectMethodHandle$Holder.invokeInterface(java.lang.Object, java.lang.Object)'> (0x00000007040251f0) 
thrown [s\open\src\hotspot\share\interpreter\linkResolver.cpp, line 773]
Event: 3.423 Thread 0x000002a921afea90 Exception <a 'java/lang/NoSuchMethodError'{0x0000000704097c00}: 'void java.lang.invoke.DirectMethodHandle$Holder.invokeSpecial(java.lang.Object, java.lang.Object, java.lang.Object, java.lang.Object, java.lang.Object, java.lang.Object)'> (0x0000000704097c00) 
thrown [s\open\src\hotspot\share\interpreter\linkResolver.cpp, line 773]
Event: 3.424 Thread 0x000002a921afea90 Exception <a 'java/lang/NoSuchMethodError'{0x000000070409f300}: 'java.lang.Object java.lang.invoke.DirectMethodHandle$Holder.newInvokeSpecial(java.lang.Object, java.lang.Object, java.lang.Object, java.lang.Object, java.lang.Object, java.lang.Object)'> (0x000000070409f300) 
thrown [s\open\src\hotspot\share\interpreter\linkResolver.cpp, line 773]
Event: 3.764 Thread 0x000002a921afea90 Exception <a 'java/lang/NoSuchMethodError'{0x00000007041ac088}: 'java.lang.Object java.lang.invoke.DirectMethodHandle$Holder.newInvokeSpecial(java.lang.Object, java.lang.Object, long)'> (0x00000007041ac088) 
thrown [s\open\src\hotspot\share\interpreter\linkResolver.cpp, line 773]
Event: 9.433 Thread 0x000002a921af9bd0 Implicit null exception at 0x000002a8cbab96e6 to 0x000002a8cbab9792
Event: 9.433 Thread 0x000002a921af9bd0 Implicit null exception at 0x000002a8cbb11ec0 to 0x000002a8cbb11f45

ZGC Phase Switch (0 events):
No events

VM Operations (20 events):
Event: 4.242 Executing VM operation: Cleanup
Event: 4.242 Executing VM operation: Cleanup done
Event: 5.257 Executing VM operation: Cleanup
Event: 5.257 Executing VM operation: Cleanup done
Event: 6.257 Executing VM operation: Cleanup
Event: 6.257 Executing VM operation: Cleanup done
Event: 6.299 Executing VM operation: G1CollectForAllocation (G1 Evacuation Pause)
Event: 6.305 Executing VM operation: G1CollectForAllocation (G1 Evacuation Pause) done
Event: 7.315 Executing VM operation: Cleanup
Event: 7.315 Executing VM operation: Cleanup done
Event: 8.318 Executing VM operation: Cleanup
Event: 8.318 Executing VM operation: Cleanup done
Event: 9.320 Executing VM operation: Cleanup
Event: 9.320 Executing VM operation: Cleanup done
Event: 9.424 Executing VM operation: HandshakeAllThreads (Deoptimize)
Event: 9.424 Executing VM operation: HandshakeAllThreads (Deoptimize) done
Event: 10.427 Executing VM operation: Cleanup
Event: 10.427 Executing VM operation: Cleanup done
Event: 11.441 Executing VM operation: Cleanup
Event: 11.441 Executing VM operation: Cleanup done

Events (20 events):
Event: 2.083 Thread 0x000002a922b31530 Thread added: 0x000002a922b31530
Event: 2.085 Thread 0x000002a922b2e0b0 Thread added: 0x000002a922b2e0b0
Event: 2.085 Thread 0x000002a922b30ea0 Thread added: 0x000002a922b30ea0
Event: 2.210 Thread 0x000002a921afa8f0 Thread exited: 0x000002a921afa8f0
Event: 2.213 Thread 0x000002a921c8e710 Thread exited: 0x000002a921c8e710
Event: 2.223 Thread 0x000002a922b2e740 Thread added: 0x000002a922b2e740
Event: 2.228 Thread 0x000002a922b30180 Thread added: 0x000002a922b30180
Event: 2.228 Thread 0x000002a922b2faf0 Thread added: 0x000002a922b2faf0
Event: 2.228 Thread 0x000002a922b2edd0 Thread added: 0x000002a922b2edd0
Event: 2.231 Thread 0x000002a922b2f460 Thread added: 0x000002a922b2f460
Event: 2.284 Thread 0x000002a921afa8f0 Thread added: 0x000002a921afa8f0
Event: 2.288 Thread 0x000002a922cc0fd0 Thread added: 0x000002a922cc0fd0
Event: 2.289 Thread 0x000002a922cc3dc0 Thread added: 0x000002a922cc3dc0
Event: 2.290 Thread 0x000002a922cc78d0 Thread added: 0x000002a922cc78d0
Event: 2.290 Thread 0x000002a922cc1cf0 Thread added: 0x000002a922cc1cf0
Event: 3.296 Thread 0x000002a922cc2380 Thread added: 0x000002a922cc2380
Event: 3.297 Thread 0x000002a922cc0940 Thread added: 0x000002a922cc0940
Event: 3.300 Thread 0x000002a922cc2a10 Thread added: 0x000002a922cc2a10
Event: 3.301 Thread 0x000002a922cc7f60 Thread added: 0x000002a922cc7f60
Event: 3.301 Thread 0x000002a922cc6520 Thread added: 0x000002a922cc6520


Dynamic libraries:
0x00007ff738d70000 - 0x00007ff738d80000 	C:\Program Files\Java\jdk-21\bin\java.exe
0x00007ffe20ed0000 - 0x00007ffe210e7000 	C:\WINDOWS\SYSTEM32\ntdll.dll
0x00007ffe1eb70000 - 0x00007ffe1ec34000 	C:\WINDOWS\System32\KERNEL32.DLL
0x00007ffe1e660000 - 0x00007ffe1ea32000 	C:\WINDOWS\System32\KERNELBASE.dll
0x00007ffe1ea40000 - 0x00007ffe1eb51000 	C:\WINDOWS\System32\ucrtbase.dll
0x00007ffe03bd0000 - 0x00007ffe03be9000 	C:\Program Files\Java\jdk-21\bin\jli.dll
0x00007ffe027a0000 - 0x00007ffe027bb000 	C:\Program Files\Java\jdk-21\bin\VCRUNTIME140.dll
0x00007ffe20670000 - 0x00007ffe20721000 	C:\WINDOWS\System32\ADVAPI32.dll
0x00007ffe20cd0000 - 0x00007ffe20d77000 	C:\WINDOWS\System32\msvcrt.dll
0x00007ffe20730000 - 0x00007ffe207d8000 	C:\WINDOWS\System32\sechost.dll
0x00007ffe1e580000 - 0x00007ffe1e5a8000 	C:\WINDOWS\System32\bcrypt.dll
0x00007ffe20980000 - 0x00007ffe20a94000 	C:\WINDOWS\System32\RPCRT4.dll
0x00007ffe20360000 - 0x00007ffe20511000 	C:\WINDOWS\System32\USER32.dll
0x00007ffe086b0000 - 0x00007ffe0894b000 	C:\WINDOWS\WinSxS\amd64_microsoft.windows.common-controls_6595b64144ccf1df_6.0.22621.5547_none_27104afb73855772\COMCTL32.dll
0x00007ffe1e5b0000 - 0x00007ffe1e5d6000 	C:\WINDOWS\System32\win32u.dll
0x00007ffe1f970000 - 0x00007ffe1f999000 	C:\WINDOWS\System32\GDI32.dll
0x00007ffe1e060000 - 0x00007ffe1e183000 	C:\WINDOWS\System32\gdi32full.dll
0x00007ffe1dfc0000 - 0x00007ffe1e05a000 	C:\WINDOWS\System32\msvcp_win.dll
0x00007ffe13f80000 - 0x00007ffe13f8a000 	C:\WINDOWS\SYSTEM32\VERSION.dll
0x00007ffe1ffb0000 - 0x00007ffe1ffe1000 	C:\WINDOWS\System32\IMM32.DLL
0x00007ffe16540000 - 0x00007ffe1654c000 	C:\Program Files\Java\jdk-21\bin\vcruntime140_1.dll
0x00007ffdd2030000 - 0x00007ffdd20be000 	C:\Program Files\Java\jdk-21\bin\msvcp140.dll
0x00007ffd8b3c0000 - 0x00007ffd8c0d7000 	C:\Program Files\Java\jdk-21\bin\server\jvm.dll
0x00007ffe20c50000 - 0x00007ffe20cc1000 	C:\WINDOWS\System32\WS2_32.dll
0x00007ffe1ce00000 - 0x00007ffe1ce4d000 	C:\WINDOWS\SYSTEM32\POWRPROF.dll
0x00007ffe16430000 - 0x00007ffe16464000 	C:\WINDOWS\SYSTEM32\WINMM.dll
0x00007ffe1cde0000 - 0x00007ffe1cdf3000 	C:\WINDOWS\SYSTEM32\UMPDC.dll
0x00007ffe1d0a0000 - 0x00007ffe1d0b8000 	C:\WINDOWS\SYSTEM32\kernel.appcore.dll
0x00007ffe06650000 - 0x00007ffe0665a000 	C:\Program Files\Java\jdk-21\bin\jimage.dll
0x00007ffe1b8f0000 - 0x00007ffe1bb23000 	C:\WINDOWS\SYSTEM32\DBGHELP.DLL
0x00007ffe1fc10000 - 0x00007ffe1ffa3000 	C:\WINDOWS\System32\combase.dll
0x00007ffe20590000 - 0x00007ffe20667000 	C:\WINDOWS\System32\OLEAUT32.dll
0x00007ffe0a4f0000 - 0x00007ffe0a522000 	C:\WINDOWS\SYSTEM32\dbgcore.DLL
0x00007ffe1e5e0000 - 0x00007ffe1e65b000 	C:\WINDOWS\System32\bcryptPrimitives.dll
0x00007ffe1acb0000 - 0x00007ffe1acbf000 	C:\Program Files\Java\jdk-21\bin\instrument.dll
0x00007ffe01f30000 - 0x00007ffe01f4f000 	C:\Program Files\Java\jdk-21\bin\java.dll
0x00007ffdf0540000 - 0x00007ffdf0558000 	C:\Program Files\Java\jdk-21\bin\zip.dll
0x00007ffe1ec40000 - 0x00007ffe1f4e2000 	C:\WINDOWS\System32\SHELL32.dll
0x00007ffe1e3c0000 - 0x00007ffe1e4ff000 	C:\WINDOWS\System32\wintypes.dll
0x00007ffe1beb0000 - 0x00007ffe1c7cd000 	C:\WINDOWS\SYSTEM32\windows.storage.dll
0x00007ffe1f9a0000 - 0x00007ffe1faac000 	C:\WINDOWS\System32\SHCORE.dll
0x00007ffe1fff0000 - 0x00007ffe20059000 	C:\WINDOWS\System32\shlwapi.dll
0x00007ffe1def0000 - 0x00007ffe1df1b000 	C:\WINDOWS\SYSTEM32\profapi.dll
0x00007ffdd1f50000 - 0x00007ffdd2027000 	C:\Program Files\Java\jdk-21\bin\jsvml.dll
0x00007ffe05b00000 - 0x00007ffe05b10000 	C:\Program Files\Java\jdk-21\bin\net.dll
0x00007ffe175e0000 - 0x00007ffe1770c000 	C:\WINDOWS\SYSTEM32\WINHTTP.dll
0x00007ffe1d510000 - 0x00007ffe1d579000 	C:\WINDOWS\system32\mswsock.dll
0x00007ffdf5370000 - 0x00007ffdf5386000 	C:\Program Files\Java\jdk-21\bin\nio.dll
0x00007ffe18f30000 - 0x00007ffe18f4a000 	D:\New folder\IntelliJ IDEA 2024.3.1.1\bin\breakgen64.dll
0x00007ffe18e40000 - 0x00007ffe18e49000 	C:\Program Files\Java\jdk-21\bin\extnet.dll
0x00007ffe1cb10000 - 0x00007ffe1cc08000 	C:\WINDOWS\SYSTEM32\DNSAPI.dll
0x00007ffe1caa0000 - 0x00007ffe1cacd000 	C:\WINDOWS\SYSTEM32\IPHLPAPI.DLL
0x00007ffe20330000 - 0x00007ffe20339000 	C:\WINDOWS\System32\NSI.dll
0x00007ffe14b90000 - 0x00007ffe14b9a000 	C:\Windows\System32\rasadhlp.dll
0x00007ffe15e00000 - 0x00007ffe15e84000 	C:\WINDOWS\System32\fwpuclnt.dll
0x00007ffe13210000 - 0x00007ffe1321a000 	C:\Program Files\Java\jdk-21\bin\management.dll
0x00007ffe13200000 - 0x00007ffe1320b000 	C:\Program Files\Java\jdk-21\bin\management_ext.dll
0x00007ffe1eb60000 - 0x00007ffe1eb68000 	C:\WINDOWS\System32\PSAPI.DLL
0x00007ffe1d7b0000 - 0x00007ffe1d7cb000 	C:\WINDOWS\SYSTEM32\CRYPTSP.dll
0x00007ffe1d000000 - 0x00007ffe1d037000 	C:\WINDOWS\system32\rsaenh.dll
0x00007ffe1d5b0000 - 0x00007ffe1d5d8000 	C:\WINDOWS\SYSTEM32\USERENV.dll
0x00007ffe1d710000 - 0x00007ffe1d71c000 	C:\WINDOWS\SYSTEM32\CRYPTBASE.dll
0x00007ffdf0bc0000 - 0x00007ffdf0bd7000 	C:\WINDOWS\system32\napinsp.dll
0x00007ffdf0ba0000 - 0x00007ffdf0bbb000 	C:\WINDOWS\system32\pnrpnsp.dll
0x00007ffdf0b80000 - 0x00007ffdf0b91000 	C:\WINDOWS\System32\winrnr.dll
0x00007ffe160a0000 - 0x00007ffe160bf000 	C:\WINDOWS\system32\wshbth.dll
0x00007ffdf06e0000 - 0x00007ffdf0701000 	C:\WINDOWS\system32\nlansp_c.dll
0x00007ffdf69f0000 - 0x00007ffdf6a40000 	C:\WINDOWS\SYSTEM32\pdh.dll
0x00007ffe0d730000 - 0x00007ffe0d741000 	C:\WINDOWS\System32\perfproc.dll
0x00007ffdfb4b0000 - 0x00007ffdfb4c0000 	C:\WINDOWS\System32\perfos.dll
0x00007ffe1b330000 - 0x00007ffe1b340000 	C:\WINDOWS\SYSTEM32\pfclient.dll
0x00007ffe131f0000 - 0x00007ffe131fe000 	C:\Program Files\Java\jdk-21\bin\sunmscapi.dll
0x00007ffe1e190000 - 0x00007ffe1e2f7000 	C:\WINDOWS\System32\CRYPT32.dll
0x00007ffe1d950000 - 0x00007ffe1d97d000 	C:\WINDOWS\SYSTEM32\ncrypt.dll
0x00007ffe1d910000 - 0x00007ffe1d947000 	C:\WINDOWS\SYSTEM32\NTASN1.dll
0x00007ffde90d0000 - 0x00007ffde90d8000 	C:\WINDOWS\system32\wshunix.dll

dbghelp: loaded successfully - version: 4.0.5 - missing functions: none
symbol engine: initialized successfully - sym options: 0x614 - pdb path: .;C:\Program Files\Java\jdk-21\bin;C:\WINDOWS\SYSTEM32;C:\WINDOWS\WinSxS\amd64_microsoft.windows.common-controls_6595b64144ccf1df_6.0.22621.5547_none_27104afb73855772;C:\Program Files\Java\jdk-21\bin\server;D:\New folder\IntelliJ IDEA 2024.3.1.1\bin

VM Arguments:
jvm_args: -ea -Didea.test.cyclic.buffer.size=1048576 -javaagent:D:\New folder\IntelliJ IDEA 2024.3.1.1\lib\idea_rt.jar=58167:D:\New folder\IntelliJ IDEA 2024.3.1.1\bin -javaagent:C:\Users\topla\AppData\Local\JetBrains\IntelliJIdea2024.3\captureAgent\debugger-agent.jar -Dkotlinx.coroutines.debug.enable.creation.stack.trace=false -Ddebugger.agent.enable.coroutines=true -Dkotlinx.coroutines.debug.enable.flows.stack.trace=true -Dkotlinx.coroutines.debug.enable.mutable.state.flows.stack.trace=true -Dfile.encoding=UTF-8 -Dsun.stdout.encoding=UTF-8 -Dsun.stderr.encoding=UTF-8 
java_command: com.intellij.rt.testng.RemoteTestNGStarter -usedefaultlisteners false -socket58166 @w@C:\Users\topla\AppData\Local\Temp\idea_working_dirs_testng.tmp -temp C:\Users\topla\AppData\Local\Temp\idea_testng.tmp
java_class_path (initial): D:\New folder\IntelliJ IDEA 2024.3.1.1\lib\idea_rt.jar;D:\New folder\IntelliJ IDEA 2024.3.1.1\plugins\testng\lib\testng-rt.jar;C:\Users\topla\Desktop\selenide-final-project-1\target\test-classes;C:\Users\topla\Desktop\selenide-final-project-1\target\classes;C:\Users\topla\.m2\repository\org\testng\testng\7.11.0\testng-7.11.0.jar;C:\Users\topla\.m2\repository\org\slf4j\slf4j-api\2.0.16\slf4j-api-2.0.16.jar;C:\Users\topla\.m2\repository\org\jcommander\jcommander\1.83\jcommander-1.83.jar;C:\Users\topla\.m2\repository\org\webjars\jquery\3.7.1\jquery-3.7.1.jar;C:\Users\topla\.m2\repository\com\codeborne\selenide\7.9.4\selenide-7.9.4.jar;C:\Users\topla\.m2\repository\org\seleniumhq\selenium\selenium-java\4.34.0\selenium-java-4.34.0.jar;C:\Users\topla\.m2\repository\org\seleniumhq\selenium\selenium-api\4.34.0\selenium-api-4.34.0.jar;C:\Users\topla\.m2\repository\org\seleniumhq\selenium\selenium-chrome-driver\4.34.0\selenium-chrome-driver-4.34.0.jar;C:\Users\topla\.m2\repository\com\google\auto\service\auto-service-annotations\1.1.1\auto-service-annotations-1.1.1.jar;C:\Users\topla\.m2\repository\org\seleniumhq\selenium\selenium-chromium-driver\4.34.0\selenium-chromium-driver-4.34.0.jar;C:\Users\topla\.m2\repository\org\seleniumhq\selenium\selenium-json\4.34.0\selenium-json-4.34.0.jar;C:\Users\topla\.m2\repository\org\seleniumhq\selenium\selenium-manager\4.34.0\selenium-manager-4.34.0.jar;C:\Users\topla\.m2\repository\org\seleniumhq\selenium\selenium-devtools-v136\4.34.0\selenium-devtools-v136-4.34.0.jar;C:\Users\topla\.m2\repository\org\seleniumhq\selenium\selenium-devtools-v137\4.34.0\selenium-devtools-v137-4.34.0.jar;C:\Users\topla\.m2\repository\org\seleniumhq\selenium\selenium-devtools-v138\4.34.0\selenium-devtools-v138-4.34.0.jar;C:\Users\topla\.m2\repository\org\seleniumhq\selenium\selenium-edge-driver\4.34.0\selenium-edge-driver-4.34.0.jar;C:\Users\topla\.m2\repository\org\seleniumhq\selenium\selenium-firefox-driver\4.34.0\selenium-firefox-driver-4.34.0.jar;C:\Users\topla\.m2\repository\org\seleniumhq\selenium\selenium-http\4.34.0\selenium-http-4.34.0.jar;C:\Users\topla\.m2\repository\org\seleniumhq\selenium\selenium-ie-driver\4.34.0\selenium-ie-driver-4.34.0.jar;C:\Users\topla\.m2\repository\org\seleniumhq\selenium\selenium-remote-driver\4.34.0\selenium-remote-driver-4.34.0.jar;C:\Users\topla\.m2\repository\io\opentelemetry\opentelemetry-api\1.51.0\opentelemetry-api-1.51.0.jar;C:\Users\topla\.m2\repository\io\opentelemetry\opentelemetry-context\1.51.0\opentelemetry-context-1.51.0.jar;C:\Users\topla\.m2\repository\io\opentelemetry\opentelemetry-exporter-logging\1.51.0\opentelemetry-exporter-logging-1.51.0.jar;C:\Users\topla\.m2\repository\io\opentelemetry\opentelemetry-sdk-common\1.51.0\opentelemetry-sdk-common-1.51.0.jar;C:\Users\topla\.m2\repository\io\opentelemetry\opentelemetry-sdk-extension-autoconfigure-spi\1.51.0\opentelemetry-sdk-extension-autoconfigure-spi-1.51.0.jar;C:\Users\topla\.m2\repository\io\opentelemetry\opentelemetry-sdk-extension-autoconfigure\1.51.0\opentelemetry-sdk-extension-autoconfigure-1.51.0.jar;C:\Users\topla\.m2\repository\io\opentelemetry\opentelemetry-sdk-trace\1.51.0\opentelemetry-sdk-trace-1.51.0.jar;C:\Users\topla\.m2\repository\io\opentelemetry\opentelemetry-sdk\1.51.0\opentelemetry-sdk-1.51.0.jar;C:\Users\topla\.m2\repository\io\opentelemetry\opentelemetry-sdk-metrics\1.51.0\opentelemetry-sdk-metrics-1.51.0.jar;C:\Users\topla\.m2\repository\io\opentelemetry\opentelemetry-sdk-logs\1.51.0\opentelemetry-sdk-logs-1.51.0.jar;C:\Users\topla\.m2\repository\net\bytebuddy\byte-buddy\1.17.6\byte-buddy-1.17.6.jar;C:\Users\topla\.m2\repository\org\seleniumhq\selenium\selenium-os\4.34.0\selenium-os-4.34.0.jar;C:\Users\topla\.m2\repository\org\apache\commons\commons-exec\1.5.0\commons-exec-1.5.0.jar;C:\Users\topla\.m2\repository\org\seleniumhq\selenium\selenium-safari-driver\4.34.0\selenium-safari-driver-4.34.0.jar;C:\Users\topla\.m2\repository\org\seleniumhq\selenium\selenium-support\4.34.0\selenium-support-4.34.0.jar;C:\Users\topla\.m2\repository\com\codeborne\selenide-core\7.9.4\selenide-core-7.9.4.jar;C:\Users\topla\.m2\repository\org\opentest4j\opentest4j\1.3.0\opentest4j-1.3.0.jar;C:\Users\topla\.m2\repository\org\apache\httpcomponents\client5\httpclient5\5.5\httpclient5-5.5.jar;C:\Users\topla\.m2\repository\org\apache\httpcomponents\core5\httpcore5\5.3.4\httpcore5-5.3.4.jar;C:\Users\topla\.m2\repository\org\apache\httpcomponents\core5\httpcore5-h2\5.3.4\httpcore5-h2-5.3.4.jar;C:\Users\topla\.m2\repository\com\github\valfirst\browserup-proxy\browserup-proxy-core\3.2.0\browserup-proxy-core-3.2.0.jar;C:\Users\topla\.m2\repository\org\jspecify\jspecify\1.0.0\jspecify-1.0.0.jar;C:\Users\topla\.m2\repository\com\google\errorprone\error_prone_annotations\2.39.0\error_prone_annotations-2.39.0.jar;C:\Users\topla\.m2\repository\com\google\guava\guava\33.4.8-jre\guava-33.4.8-jre.jar;C:\Users\topla\.m2\repository\com\google\guava\failureaccess\1.0.3\failureaccess-1.0.3.jar;C:\Users\topla\.m2\repository\com\google\guava\listenablefuture\9999.0-empty-to-avoid-conflict-with-guava\listenablefuture-9999.0-empty-to-avoid-conflict-with-guava.jar;C:\Users\topla\.m2\repository\com\google\j2objc\j2objc-annotations\3.0.0\j2objc-annotations-3.0.0.jar;C:\Users\topla\.m2\repository\org\apache\commons\commons-lang3\3.17.0\commons-lang3-3.17.0.jar;C:\Users\topla\.m2\repository\commons-io\commons-io\2.19.0\commons-io-2.19.0.jar
Launcher Type: SUN_STANDARD

[Global flags]
     intx CICompilerCount                          = 4                                         {product} {ergonomic}
     uint ConcGCThreads                            = 2                                         {product} {ergonomic}
     uint G1ConcRefinementThreads                  = 8                                         {product} {ergonomic}
   size_t G1HeapRegionSize                         = 2097152                                   {product} {ergonomic}
    uintx GCDrainStackTargetSize                   = 64                                        {product} {ergonomic}
   size_t InitialHeapSize                          = 266338304                                 {product} {ergonomic}
   size_t MarkStackSize                            = 4194304                                   {product} {ergonomic}
   size_t MaxHeapSize                              = 4246732800                                {product} {ergonomic}
   size_t MaxNewSize                               = 2548039680                                {product} {ergonomic}
   size_t MinHeapDeltaBytes                        = 2097152                                   {product} {ergonomic}
   size_t MinHeapSize                              = 8388608                                   {product} {ergonomic}
    uintx NonNMethodCodeHeapSize                   = 5839372                                {pd product} {ergonomic}
    uintx NonProfiledCodeHeapSize                  = 122909434                              {pd product} {ergonomic}
    uintx ProfiledCodeHeapSize                     = 122909434                              {pd product} {ergonomic}
    uintx ReservedCodeCacheSize                    = 251658240                              {pd product} {ergonomic}
     bool SegmentedCodeCache                       = true                                      {product} {ergonomic}
   size_t SoftMaxHeapSize                          = 4246732800                             {manageable} {ergonomic}
     bool UseCompressedOops                        = true                           {product lp64_product} {ergonomic}
     bool UseG1GC                                  = true                                      {product} {ergonomic}
     bool UseLargePagesIndividualAllocation        = false                                  {pd product} {ergonomic}

Logging:
Log output configuration:
 #0: stdout all=warning uptime,level,tags foldmultilines=false
 #1: stderr all=off uptime,level,tags foldmultilines=false

Environment Variables:
PATH=d:\cursor\resources\app\bin;D:\SQL\app\oracle\product\11.2.0\server\bin;C:\Program Files\Common Files\Oracle\Java\javapath;C:\Windows\system32;C:\Windows;C:\Windows\System32\Wbem;C:\Windows\System32\WindowsPowerShell\v1.0\;C:\Windows\System32\OpenSSH\;C:\Program Files (x86)\NVIDIA Corporation\PhysX\Common;C:\Program Files\NVIDIA Corporation\NVIDIA NvDLISR;C:\WINDOWS\system32;C:\WINDOWS;C:\WINDOWS\System32\Wbem;C:\WINDOWS\System32\WindowsPowerShell\v1.0\;C:\WINDOWS\System32\OpenSSH\;C:\Program Files\Git\cmd;C:\Users\topla\Desktop\apache-maven-3.9.9-bin\apache-maven-3.9.9\bin;C:\Users\topla\AppData\Local\Programs\Python\Python313\Scripts\;C:\Users\topla\AppData\Local\Programs\Python\Python313\;C:\Users\topla\AppData\Local\Programs\Python\Launcher\;C:\Users\topla\AppData\Local\Microsoft\WindowsApps;D:\New folder\IntelliJ IDEA 2024.3.1.1\bin;;D:\New folder\PyCharm 2025.1\bin;;D:\cursor\resources\app\bin;d:\cursor\resources\app\bin;C:\Program Files\nodejs\;C:\Users\topla\AppData\Local\Programs\Python\Python313\Scripts\;C:\Users\topla\AppData\Local\Programs\Python\Python313\;C:\Users\topla\AppData\Local\Programs\Python\Launcher\;C:\Users\topla\AppData\Local\Microsoft\WindowsApps;C:\Users\topla\AppData\Local\Programs\Microsoft VS Code\bin;D:\New folder\IntelliJ IDEA 2024.3.1.1\bin;;D:\New folder\PyCharm 2025.1\bin;;D:\cursor\resources\app\bin;C:\Users\topla\AppData\Roaming\npm
USERNAME=DELL G7
OS=Windows_NT
PROCESSOR_IDENTIFIER=Intel64 Family 6 Model 158 Stepping 10, GenuineIntel
TMP=C:\Users\topla\AppData\Local\Temp
TEMP=C:\Users\topla\AppData\Local\Temp




Periodic native trim disabled

---------------  S Y S T E M  ---------------

OS:
 Windows 11 , 64 bit Build 22621 (10.0.22621.5415)
OS uptime: 3 days 4:01 hours
Hyper-V role detected

CPU: total 8 (initial active 8) (4 cores per cpu, 2 threads per core) family 6 model 158 stepping 10 microcode 0xf0, cx8, cmov, fxsr, ht, mmx, 3dnowpref, sse, sse2, sse3, ssse3, sse4.1, sse4.2, popcnt, lzcnt, tsc, tscinvbit, avx, avx2, aes, erms, clmul, bmi1, bmi2, adx, fma, vzeroupper, clflush, clflushopt, hv, rdtscp, f16c
Processor Information for all 8 processors :
  Max Mhz: 2400, Current Mhz: 2400, Mhz Limit: 2400

Memory: 4k page, system-wide physical 16197M (604M free)
TotalPageFile size 27389M (AvailPageFile size 3M)
current process WorkingSet (physical memory assigned to process): 148M, peak: 152M
current process commit charge ("private bytes"): 191M, peak: 403M

vm_info: Java HotSpot(TM) 64-Bit Server VM (21.0.2+13-LTS-58) for windows-amd64 JRE (21.0.2+13-LTS-58), built on 2024-01-05T18:32:24Z by "mach5one" with MS VC++ 17.1 (VS2022)

END.
